[26823:775:0403/030449.456398:WARNING:chrome_main_delegate.cc(740)] This is Chrome version 123.0.6312.87 (not a warning)
[26823:775:0403/030449.659205:INFO:policy_logger.cc(145)] :components/enterprise/browser/controller/chrome_browser_cloud_management_controller.cc(168) Starting CBCM Controller Initialization
[26823:775:0403/030449.659236:INFO:policy_logger.cc(145)] :components/enterprise/browser/controller/chrome_browser_cloud_management_controller.cc(196) No machine level policy manager exists.
[26843:775:0403/030449.914847:WARNING:runtime_features.cc(728)] AttributionReportingCrossAppWeb cannot be enabled in this configuration. Use --enable-features=ConversionMeasurement,AttributionReportingCrossAppWeb in addition.
[26844:775:0403/030449.916978:WARNING:runtime_features.cc(728)] AttributionReportingCrossAppWeb cannot be enabled in this configuration. Use --enable-features=ConversionMeasurement,AttributionReportingCrossAppWeb in addition.
[26823:775:0403/030450.419170:INFO:CONSOLE(0)] "Error with Permissions-Policy header: Origin trial controlled feature not enabled: 'interest-cohort'.", source:  (0)
[26847:775:0403/030450.464305:WARNING:runtime_features.cc(728)] AttributionReportingCrossAppWeb cannot be enabled in this configuration. Use --enable-features=ConversionMeasurement,AttributionReportingCrossAppWeb in addition.
[26848:775:0403/030450.957716:WARNING:runtime_features.cc(728)] AttributionReportingCrossAppWeb cannot be enabled in this configuration. Use --enable-features=ConversionMeasurement,AttributionReportingCrossAppWeb in addition.
[26849:775:0403/030451.306932:WARNING:runtime_features.cc(728)] AttributionReportingCrossAppWeb cannot be enabled in this configuration. Use --enable-features=ConversionMeasurement,AttributionReportingCrossAppWeb in addition.
[26823:775:0403/030451.312287:INFO:CONSOLE(118)] "Unrecognized feature: 'attribution-reporting'.", source: https://connect.facebook.net/signals/config/3465423686912116?v=2.9.151&r=stable&domain=www.ikea.com&hme=8ce74e881727851b4427183947937854816d72704925561b9de6420cd43214ee&ex_m=66%2C111%2C98%2C102%2C57%2C3%2C92%2C65%2C15%2C90%2C83%2C48%2C50%2C157%2C160%2C171%2C167%2C168%2C170%2C28%2C93%2C49%2C72%2C169%2C152%2C155%2C164%2C165%2C172%2C120%2C14%2C47%2C176%2C175%2C122%2C17%2C32%2C36%2C1%2C40%2C61%2C62%2C63%2C67%2C87%2C16%2C13%2C89%2C86%2C85%2C99%2C101%2C35%2C100%2C29%2C25%2C153%2C156%2C129%2C27%2C10%2C11%2C12%2C5%2C6%2C24%2C21%2C22%2C53%2C58%2C60%2C70%2C94%2C26%2C71%2C8%2C7%2C75%2C45%2C20%2C96%2C95%2C9%2C19%2C18%2C77%2C82%2C44%2C43%2C81%2C37%2C39%2C80%2C52%2C78%2C31%2C41%2C34%2C69%2C0%2C88%2C4%2C84%2C76%2C79%2C2%2C33%2C59%2C38%2C97%2C42%2C74%2C64%2C103%2C56%2C55%2C30%2C91%2C54%2C51%2C46%2C73%2C68%2C23%2C104 (118)
[26823:775:0403/030451.317952:INFO:CONSOLE(0)] "Third-party cookie will be blocked. Learn more in the Issues tab.", source: https://www.ikea.com/kr/ko/cat/armchairs-16239/ (0)
[26823:775:0403/030451.318000:INFO:CONSOLE(0)] "Third-party cookie will be blocked. Learn more in the Issues tab.", source: https://www.ikea.com/kr/ko/cat/armchairs-16239/ (0)
[26823:775:0403/030451.318027:INFO:CONSOLE(0)] "Third-party cookie will be blocked. Learn more in the Issues tab.", source: https://www.ikea.com/kr/ko/cat/armchairs-16239/ (0)
[26823:775:0403/030451.457671:INFO:CONSOLE(0)] "Third-party cookie will be blocked. Learn more in the Issues tab.", source: https://www.ikea.com/kr/ko/cat/armchairs-16239/ (0)
[26823:775:0403/030451.460181:INFO:CONSOLE(0)] "Third-party cookie will be blocked. Learn more in the Issues tab.", source: https://www.ikea.com/kr/ko/cat/armchairs-16239/ (0)
[26823:775:0403/030451.752216:INFO:CONSOLE(0)] "Third-party cookie will be blocked. Learn more in the Issues tab.", source: https://www.ikea.com/kr/ko/cat/armchairs-16239/ (0)
[26823:775:0403/030451.753485:INFO:CONSOLE(0)] "Third-party cookie will be blocked. Learn more in the Issues tab.", source: https://www.ikea.com/kr/ko/cat/armchairs-16239/ (0)
[26850:775:0403/030451.794244:WARNING:runtime_features.cc(728)] AttributionReportingCrossAppWeb cannot be enabled in this configuration. Use --enable-features=ConversionMeasurement,AttributionReportingCrossAppWeb in addition.
[26823:775:0403/030451.960850:INFO:CONSOLE(0)] "Third-party cookie will be blocked. Learn more in the Issues tab.", source: https://www.ikea.com/kr/ko/cat/armchairs-16239/ (0)
[26823:775:0403/030451.961017:INFO:CONSOLE(0)] "Third-party cookie will be blocked. Learn more in the Issues tab.", source: https://www.ikea.com/kr/ko/cat/armchairs-16239/ (0)
[26823:775:0403/030451.961053:INFO:CONSOLE(0)] "Third-party cookie will be blocked. Learn more in the Issues tab.", source: https://www.ikea.com/kr/ko/cat/armchairs-16239/ (0)
[26823:775:0403/030451.961960:INFO:CONSOLE(0)] "Third-party cookie will be blocked. Learn more in the Issues tab.", source: https://www.ikea.com/kr/ko/cat/armchairs-16239/ (0)
[26823:775:0403/030451.977882:INFO:CONSOLE(0)] "Third-party cookie will be blocked. Learn more in the Issues tab.", source: https://www.ikea.com/kr/ko/cat/armchairs-16239/ (0)
[26823:775:0403/030452.089949:INFO:CONSOLE(0)] "Third-party cookie will be blocked. Learn more in the Issues tab.", source: https://www.ikea.com/kr/ko/cat/armchairs-16239/ (0)
[26823:775:0403/030452.089988:INFO:CONSOLE(0)] "Third-party cookie will be blocked. Learn more in the Issues tab.", source: https://www.ikea.com/kr/ko/cat/armchairs-16239/ (0)
[26823:775:0403/030452.250929:INFO:CONSOLE(0)] "Third-party cookie will be blocked. Learn more in the Issues tab.", source: https://www.ikea.com/kr/ko/cat/armchairs-16239/ (0)
[26823:775:0403/030452.620748:INFO:CONSOLE(0)] "Error with Permissions-Policy header: Origin trial controlled feature not enabled: 'interest-cohort'.", source:  (0)
[26823:775:0403/030452.627463:INFO:CONSOLE(1)] "Third-party cookie will be blocked. Learn more in the Issues tab.", source: https://www.ikea.com/kr/ko/p/sotenaes-armchair-hakebo-yellow-30570819/ (1)
[26823:775:0403/030452.627765:INFO:CONSOLE(1)] "Third-party cookie will be blocked. Learn more in the Issues tab.", source: https://www.ikea.com/kr/ko/p/sotenaes-armchair-hakebo-yellow-30570819/ (1)
[26823:775:0403/030452.627797:INFO:CONSOLE(1)] "Third-party cookie will be blocked. Learn more in the Issues tab.", source: https://www.ikea.com/kr/ko/p/sotenaes-armchair-hakebo-yellow-30570819/ (1)
[26823:775:0403/030452.627841:INFO:CONSOLE(1)] "Third-party cookie will be blocked. Learn more in the Issues tab.", source: https://www.ikea.com/kr/ko/p/sotenaes-armchair-hakebo-yellow-30570819/ (1)
[26823:775:0403/030452.628048:INFO:CONSOLE(1)] "Third-party cookie will be blocked. Learn more in the Issues tab.", source: https://www.ikea.com/kr/ko/p/sotenaes-armchair-hakebo-yellow-30570819/ (1)
[26823:775:0403/030452.628533:INFO:CONSOLE(1)] "Third-party cookie will be blocked. Learn more in the Issues tab.", source: https://www.ikea.com/kr/ko/p/sotenaes-armchair-hakebo-yellow-30570819/ (1)
[26823:775:0403/030452.629234:INFO:CONSOLE(0)] "Third-party cookie will be blocked. Learn more in the Issues tab.", source: https://www.ikea.com/kr/ko/p/sotenaes-armchair-hakebo-yellow-30570819/ (0)
[26823:775:0403/030452.629271:INFO:CONSOLE(0)] "Third-party cookie will be blocked. Learn more in the Issues tab.", source: https://www.ikea.com/kr/ko/p/sotenaes-armchair-hakebo-yellow-30570819/ (0)
[26823:775:0403/030452.644033:INFO:CONSOLE(0)] "Third-party cookie will be blocked. Learn more in the Issues tab.", source: https://www.ikea.com/kr/ko/p/sotenaes-armchair-hakebo-yellow-30570819/ (0)
[26823:775:0403/030452.801031:INFO:CONSOLE(425)] "Third-party cookie will be blocked. Learn more in the Issues tab.", source: https://www.ikea.com/kr/ko/p/sotenaes-armchair-hakebo-yellow-30570819/ (425)
[26823:775:0403/030452.908873:INFO:CONSOLE(500)] "Third-party cookie will be blocked. Learn more in the Issues tab.", source: https://www.ikea.com/kr/ko/p/sotenaes-armchair-hakebo-yellow-30570819/ (500)
[26823:775:0403/030453.229923:INFO:CONSOLE(118)] "Unrecognized feature: 'attribution-reporting'.", source: https://connect.facebook.net/signals/config/3465423686912116?v=2.9.151&r=stable&domain=www.ikea.com&hme=8ce74e881727851b4427183947937854816d72704925561b9de6420cd43214ee&ex_m=66%2C111%2C98%2C102%2C57%2C3%2C92%2C65%2C15%2C90%2C83%2C48%2C50%2C157%2C160%2C171%2C167%2C168%2C170%2C28%2C93%2C49%2C72%2C169%2C152%2C155%2C164%2C165%2C172%2C120%2C14%2C47%2C176%2C175%2C122%2C17%2C32%2C36%2C1%2C40%2C61%2C62%2C63%2C67%2C87%2C16%2C13%2C89%2C86%2C85%2C99%2C101%2C35%2C100%2C29%2C25%2C153%2C156%2C129%2C27%2C10%2C11%2C12%2C5%2C6%2C24%2C21%2C22%2C53%2C58%2C60%2C70%2C94%2C26%2C71%2C8%2C7%2C75%2C45%2C20%2C96%2C95%2C9%2C19%2C18%2C77%2C82%2C44%2C43%2C81%2C37%2C39%2C80%2C52%2C78%2C31%2C41%2C34%2C69%2C0%2C88%2C4%2C84%2C76%2C79%2C2%2C33%2C59%2C38%2C97%2C42%2C74%2C64%2C103%2C56%2C55%2C30%2C91%2C54%2C51%2C46%2C73%2C68%2C23%2C104 (118)
[26823:775:0403/030453.291932:INFO:CONSOLE(0)] "Third-party cookie will be blocked. Learn more in the Issues tab.", source: https://www.ikea.com/kr/ko/p/sotenaes-armchair-hakebo-yellow-30570819/ (0)
[26823:775:0403/030453.299299:INFO:CONSOLE(0)] "Third-party cookie will be blocked. Learn more in the Issues tab.", source: https://www.ikea.com/kr/ko/p/sotenaes-armchair-hakebo-yellow-30570819/ (0)
[26823:775:0403/030453.299931:INFO:CONSOLE(0)] "Third-party cookie will be blocked. Learn more in the Issues tab.", source: https://www.ikea.com/kr/ko/p/sotenaes-armchair-hakebo-yellow-30570819/ (0)
[26823:775:0403/030453.300097:INFO:CONSOLE(0)] "Third-party cookie will be blocked. Learn more in the Issues tab.", source: https://www.ikea.com/kr/ko/p/sotenaes-armchair-hakebo-yellow-30570819/ (0)
[26823:775:0403/030453.306510:INFO:CONSOLE(0)] "Third-party cookie will be blocked. Learn more in the Issues tab.", source: https://www.ikea.com/kr/ko/p/sotenaes-armchair-hakebo-yellow-30570819/ (0)
[26823:775:0403/030453.331722:INFO:CONSOLE(1)] "An iframe which has both allow-scripts and allow-same-origin for its sandbox attribute can escape its sandboxing.", source: https://sslwidget.criteo.com/event?a=25648&v=5.23.0&otl=1&p0=e%3Dexd%26site_type%3Dd&p1=e%3Dvp%26p%3D30570819&p2=e%3Ddis&adce=1&bundle=JE58m19GQ05pd1E2clFYbFE3emZhTTYxU1ZHN05LdHFxbGxvTFZETjlDeTNmVWh5S2pyd0hFbUhaUktrM0QwMGZpZXNKakUlMkZWeVk3c1llbWRDcVBQRVhkYTBacjZPeG8wNEl1YkR4UHhaJTJGQTE0T2RSNVdhN3dqSGxFUSUyQk1rdEtIbSUyQnRyZGhjY3RoNFN6cEk1YyUyQkZ4YjNRRyUyRnp3WHRURFZQR1Q2Z3RzOXFiRlR1ekVwZ0RSR3F4aVRsR3UyMEV6akwlMkIzUw&tld=ikea.com&fu=https%253A%252F%252Fwww.ikea.com%252Fkr%252Fko%252Fp%252Fsotenaes-armchair-hakebo-yellow-30570819%252F&pu=https%253A%252F%252Fwww.ikea.com%252Fkr%252Fko%252Fcat%252Farmchairs-16239%252F&ceid=5255563d-33e1-4391-a675-7527715dd295&dtycbr=65020 (1)
[26823:775:0403/030453.395075:INFO:CONSOLE(0)] "Third-party cookie will be blocked. Learn more in the Issues tab.", source: https://www.ikea.com/kr/ko/p/sotenaes-armchair-hakebo-yellow-30570819/ (0)
[26823:775:0403/030453.395143:INFO:CONSOLE(0)] "Third-party cookie will be blocked. Learn more in the Issues tab.", source: https://www.ikea.com/kr/ko/p/sotenaes-armchair-hakebo-yellow-30570819/ (0)
[26823:775:0403/030453.395192:INFO:CONSOLE(0)] "Third-party cookie will be blocked. Learn more in the Issues tab.", source: https://www.ikea.com/kr/ko/p/sotenaes-armchair-hakebo-yellow-30570819/ (0)
[26823:775:0403/030453.395229:INFO:CONSOLE(0)] "Third-party cookie will be blocked. Learn more in the Issues tab.", source: https://www.ikea.com/kr/ko/p/sotenaes-armchair-hakebo-yellow-30570819/ (0)
[26823:775:0403/030453.395260:INFO:CONSOLE(0)] "Third-party cookie will be blocked. Learn more in the Issues tab.", source: https://www.ikea.com/kr/ko/p/sotenaes-armchair-hakebo-yellow-30570819/ (0)
[26823:775:0403/030453.395303:INFO:CONSOLE(0)] "Third-party cookie will be blocked. Learn more in the Issues tab.", source: https://www.ikea.com/kr/ko/p/sotenaes-armchair-hakebo-yellow-30570819/ (0)
[26823:775:0403/030453.441396:INFO:CONSOLE(0)] "Third-party cookie will be blocked. Learn more in the Issues tab.", source: https://www.ikea.com/kr/ko/p/sotenaes-armchair-hakebo-yellow-30570819/ (0)
[26823:775:0403/030453.441443:INFO:CONSOLE(0)] "Third-party cookie will be blocked. Learn more in the Issues tab.", source: https://www.ikea.com/kr/ko/p/sotenaes-armchair-hakebo-yellow-30570819/ (0)
[26823:775:0403/030453.441538:INFO:CONSOLE(0)] "Third-party cookie will be blocked. Learn more in the Issues tab.", source: https://www.ikea.com/kr/ko/p/sotenaes-armchair-hakebo-yellow-30570819/ (0)
[26823:775:0403/030453.441657:INFO:CONSOLE(0)] "Third-party cookie will be blocked. Learn more in the Issues tab.", source: https://www.ikea.com/kr/ko/p/sotenaes-armchair-hakebo-yellow-30570819/ (0)
[26823:775:0403/030453.441688:INFO:CONSOLE(0)] "Third-party cookie will be blocked. Learn more in the Issues tab.", source: https://www.ikea.com/kr/ko/p/sotenaes-armchair-hakebo-yellow-30570819/ (0)
[26823:775:0403/030453.441707:INFO:CONSOLE(0)] "Third-party cookie will be blocked. Learn more in the Issues tab.", source: https://www.ikea.com/kr/ko/p/sotenaes-armchair-hakebo-yellow-30570819/ (0)
[26823:775:0403/030453.441741:INFO:CONSOLE(0)] "Third-party cookie will be blocked. Learn more in the Issues tab.", source: https://www.ikea.com/kr/ko/p/sotenaes-armchair-hakebo-yellow-30570819/ (0)
[26823:775:0403/030453.466790:INFO:CONSOLE(0)] "Third-party cookie will be blocked. Learn more in the Issues tab.", source: https://www.ikea.com/kr/ko/p/sotenaes-armchair-hakebo-yellow-30570819/ (0)
[26823:775:0403/030453.466829:INFO:CONSOLE(0)] "Third-party cookie will be blocked. Learn more in the Issues tab.", source: https://www.ikea.com/kr/ko/p/sotenaes-armchair-hakebo-yellow-30570819/ (0)
[26823:775:0403/030453.466848:INFO:CONSOLE(0)] "Third-party cookie will be blocked. Learn more in the Issues tab.", source: https://www.ikea.com/kr/ko/p/sotenaes-armchair-hakebo-yellow-30570819/ (0)
[26823:775:0403/030453.466870:INFO:CONSOLE(0)] "Third-party cookie will be blocked. Learn more in the Issues tab.", source: https://www.ikea.com/kr/ko/p/sotenaes-armchair-hakebo-yellow-30570819/ (0)
[26823:775:0403/030453.466888:INFO:CONSOLE(0)] "Third-party cookie will be blocked. Learn more in the Issues tab.", source: https://www.ikea.com/kr/ko/p/sotenaes-armchair-hakebo-yellow-30570819/ (0)
[26823:775:0403/030453.466905:INFO:CONSOLE(0)] "Third-party cookie will be blocked. Learn more in the Issues tab.", source: https://www.ikea.com/kr/ko/p/sotenaes-armchair-hakebo-yellow-30570819/ (0)
[26823:775:0403/030453.466923:INFO:CONSOLE(0)] "Third-party cookie will be blocked. Learn more in the Issues tab.", source: https://www.ikea.com/kr/ko/p/sotenaes-armchair-hakebo-yellow-30570819/ (0)
[26823:775:0403/030453.467032:INFO:CONSOLE(0)] "Third-party cookie will be blocked. Learn more in the Issues tab.", source: https://www.ikea.com/kr/ko/p/sotenaes-armchair-hakebo-yellow-30570819/ (0)
[26823:775:0403/030453.467083:INFO:CONSOLE(0)] "Third-party cookie will be blocked. Learn more in the Issues tab.", source: https://www.ikea.com/kr/ko/p/sotenaes-armchair-hakebo-yellow-30570819/ (0)
[26823:775:0403/030453.467144:INFO:CONSOLE(0)] "Third-party cookie will be blocked. Learn more in the Issues tab.", source: https://www.ikea.com/kr/ko/p/sotenaes-armchair-hakebo-yellow-30570819/ (0)
[26823:775:0403/030453.467179:INFO:CONSOLE(0)] "Third-party cookie will be blocked. Learn more in the Issues tab.", source: https://www.ikea.com/kr/ko/p/sotenaes-armchair-hakebo-yellow-30570819/ (0)
[26823:775:0403/030453.467199:INFO:CONSOLE(0)] "Third-party cookie will be blocked. Learn more in the Issues tab.", source: https://www.ikea.com/kr/ko/p/sotenaes-armchair-hakebo-yellow-30570819/ (0)
[26823:775:0403/030453.467218:INFO:CONSOLE(0)] "Third-party cookie will be blocked. Learn more in the Issues tab.", source: https://www.ikea.com/kr/ko/p/sotenaes-armchair-hakebo-yellow-30570819/ (0)
[26823:775:0403/030453.467245:INFO:CONSOLE(0)] "Third-party cookie will be blocked. Learn more in the Issues tab.", source: https://www.ikea.com/kr/ko/p/sotenaes-armchair-hakebo-yellow-30570819/ (0)
[26823:775:0403/030453.525183:INFO:CONSOLE(0)] "Third-party cookie will be blocked. Learn more in the Issues tab.", source: https://www.ikea.com/kr/ko/p/sotenaes-armchair-hakebo-yellow-30570819/ (0)
[26823:775:0403/030453.525224:INFO:CONSOLE(0)] "Third-party cookie will be blocked. Learn more in the Issues tab.", source: https://www.ikea.com/kr/ko/p/sotenaes-armchair-hakebo-yellow-30570819/ (0)
[26823:775:0403/030453.525265:INFO:CONSOLE(0)] "Third-party cookie will be blocked. Learn more in the Issues tab.", source: https://www.ikea.com/kr/ko/p/sotenaes-armchair-hakebo-yellow-30570819/ (0)
[26823:775:0403/030453.525288:INFO:CONSOLE(0)] "Third-party cookie will be blocked. Learn more in the Issues tab.", source: https://www.ikea.com/kr/ko/p/sotenaes-armchair-hakebo-yellow-30570819/ (0)
[26823:775:0403/030453.525312:INFO:CONSOLE(0)] "Third-party cookie will be blocked. Learn more in the Issues tab.", source: https://www.ikea.com/kr/ko/p/sotenaes-armchair-hakebo-yellow-30570819/ (0)
[26823:775:0403/030453.525398:INFO:CONSOLE(0)] "Third-party cookie will be blocked. Learn more in the Issues tab.", source: https://www.ikea.com/kr/ko/p/sotenaes-armchair-hakebo-yellow-30570819/ (0)
[26823:775:0403/030453.525421:INFO:CONSOLE(0)] "Third-party cookie will be blocked. Learn more in the Issues tab.", source: https://www.ikea.com/kr/ko/p/sotenaes-armchair-hakebo-yellow-30570819/ (0)
[26823:775:0403/030453.525442:INFO:CONSOLE(0)] "Third-party cookie will be blocked. Learn more in the Issues tab.", source: https://www.ikea.com/kr/ko/p/sotenaes-armchair-hakebo-yellow-30570819/ (0)
[26823:775:0403/030453.526343:INFO:CONSOLE(0)] "Third-party cookie will be blocked. Learn more in the Issues tab.", source: https://www.ikea.com/kr/ko/p/sotenaes-armchair-hakebo-yellow-30570819/ (0)
[26823:775:0403/030453.526371:INFO:CONSOLE(0)] "Third-party cookie will be blocked. Learn more in the Issues tab.", source: https://www.ikea.com/kr/ko/p/sotenaes-armchair-hakebo-yellow-30570819/ (0)
[26823:775:0403/030453.526469:INFO:CONSOLE(0)] "Third-party cookie will be blocked. Learn more in the Issues tab.", source: https://www.ikea.com/kr/ko/p/sotenaes-armchair-hakebo-yellow-30570819/ (0)
[26823:775:0403/030453.526503:INFO:CONSOLE(0)] "Third-party cookie will be blocked. Learn more in the Issues tab.", source: https://www.ikea.com/kr/ko/p/sotenaes-armchair-hakebo-yellow-30570819/ (0)
[26823:775:0403/030453.526530:INFO:CONSOLE(0)] "Third-party cookie will be blocked. Learn more in the Issues tab.", source: https://www.ikea.com/kr/ko/p/sotenaes-armchair-hakebo-yellow-30570819/ (0)
[26823:775:0403/030453.526552:INFO:CONSOLE(0)] "Third-party cookie will be blocked. Learn more in the Issues tab.", source: https://www.ikea.com/kr/ko/p/sotenaes-armchair-hakebo-yellow-30570819/ (0)
[26823:775:0403/030453.526640:INFO:CONSOLE(0)] "Third-party cookie will be blocked. Learn more in the Issues tab.", source: https://www.ikea.com/kr/ko/p/sotenaes-armchair-hakebo-yellow-30570819/ (0)
[26823:775:0403/030453.598116:INFO:CONSOLE(0)] "Third-party cookie will be blocked. Learn more in the Issues tab.", source: https://www.ikea.com/kr/ko/p/sotenaes-armchair-hakebo-yellow-30570819/ (0)
[26823:775:0403/030453.598166:INFO:CONSOLE(0)] "Third-party cookie will be blocked. Learn more in the Issues tab.", source: https://www.ikea.com/kr/ko/p/sotenaes-armchair-hakebo-yellow-30570819/ (0)
[26823:775:0403/030453.598191:INFO:CONSOLE(0)] "Third-party cookie will be blocked. Learn more in the Issues tab.", source: https://www.ikea.com/kr/ko/p/sotenaes-armchair-hakebo-yellow-30570819/ (0)
[26823:775:0403/030453.598210:INFO:CONSOLE(0)] "Third-party cookie will be blocked. Learn more in the Issues tab.", source: https://www.ikea.com/kr/ko/p/sotenaes-armchair-hakebo-yellow-30570819/ (0)
[26823:775:0403/030453.598431:INFO:CONSOLE(0)] "Third-party cookie will be blocked. Learn more in the Issues tab.", source: https://www.ikea.com/kr/ko/p/sotenaes-armchair-hakebo-yellow-30570819/ (0)
[26823:775:0403/030453.598470:INFO:CONSOLE(0)] "Third-party cookie will be blocked. Learn more in the Issues tab.", source: https://www.ikea.com/kr/ko/p/sotenaes-armchair-hakebo-yellow-30570819/ (0)
[26823:775:0403/030453.598493:INFO:CONSOLE(0)] "Third-party cookie will be blocked. Learn more in the Issues tab.", source: https://www.ikea.com/kr/ko/p/sotenaes-armchair-hakebo-yellow-30570819/ (0)
[26823:775:0403/030453.598511:INFO:CONSOLE(0)] "Third-party cookie will be blocked. Learn more in the Issues tab.", source: https://www.ikea.com/kr/ko/p/sotenaes-armchair-hakebo-yellow-30570819/ (0)
[26823:775:0403/030453.599143:INFO:CONSOLE(0)] "Third-party cookie will be blocked. Learn more in the Issues tab.", source: https://www.ikea.com/kr/ko/p/sotenaes-armchair-hakebo-yellow-30570819/ (0)
[26823:775:0403/030453.599176:INFO:CONSOLE(0)] "Third-party cookie will be blocked. Learn more in the Issues tab.", source: https://www.ikea.com/kr/ko/p/sotenaes-armchair-hakebo-yellow-30570819/ (0)
[26823:775:0403/030453.599199:INFO:CONSOLE(0)] "Third-party cookie will be blocked. Learn more in the Issues tab.", source: https://www.ikea.com/kr/ko/p/sotenaes-armchair-hakebo-yellow-30570819/ (0)
[26823:775:0403/030453.599217:INFO:CONSOLE(0)] "Third-party cookie will be blocked. Learn more in the Issues tab.", source: https://www.ikea.com/kr/ko/p/sotenaes-armchair-hakebo-yellow-30570819/ (0)
[26823:775:0403/030453.599238:INFO:CONSOLE(0)] "Third-party cookie will be blocked. Learn more in the Issues tab.", source: https://www.ikea.com/kr/ko/p/sotenaes-armchair-hakebo-yellow-30570819/ (0)
[26823:775:0403/030453.599256:INFO:CONSOLE(0)] "Third-party cookie will be blocked. Learn more in the Issues tab.", source: https://www.ikea.com/kr/ko/p/sotenaes-armchair-hakebo-yellow-30570819/ (0)
[26823:775:0403/030453.599277:INFO:CONSOLE(0)] "Third-party cookie will be blocked. Learn more in the Issues tab.", source: https://www.ikea.com/kr/ko/p/sotenaes-armchair-hakebo-yellow-30570819/ (0)
[26823:775:0403/030453.599297:INFO:CONSOLE(0)] "Third-party cookie will be blocked. Learn more in the Issues tab.", source: https://www.ikea.com/kr/ko/p/sotenaes-armchair-hakebo-yellow-30570819/ (0)
[26823:775:0403/030453.599314:INFO:CONSOLE(0)] "Third-party cookie will be blocked. Learn more in the Issues tab.", source: https://www.ikea.com/kr/ko/p/sotenaes-armchair-hakebo-yellow-30570819/ (0)
[26823:775:0403/030453.599331:INFO:CONSOLE(0)] "Third-party cookie will be blocked. Learn more in the Issues tab.", source: https://www.ikea.com/kr/ko/p/sotenaes-armchair-hakebo-yellow-30570819/ (0)
[26823:775:0403/030453.599352:INFO:CONSOLE(0)] "Third-party cookie will be blocked. Learn more in the Issues tab.", source: https://www.ikea.com/kr/ko/p/sotenaes-armchair-hakebo-yellow-30570819/ (0)
[26823:775:0403/030453.599375:INFO:CONSOLE(0)] "Third-party cookie will be blocked. Learn more in the Issues tab.", source: https://www.ikea.com/kr/ko/p/sotenaes-armchair-hakebo-yellow-30570819/ (0)
[26823:775:0403/030453.599399:INFO:CONSOLE(0)] "Third-party cookie will be blocked. Learn more in the Issues tab.", source: https://www.ikea.com/kr/ko/p/sotenaes-armchair-hakebo-yellow-30570819/ (0)
[26823:775:0403/030453.599420:INFO:CONSOLE(0)] "Third-party cookie will be blocked. Learn more in the Issues tab.", source: https://www.ikea.com/kr/ko/p/sotenaes-armchair-hakebo-yellow-30570819/ (0)
[26823:775:0403/030453.599441:INFO:CONSOLE(0)] "Third-party cookie will be blocked. Learn more in the Issues tab.", source: https://www.ikea.com/kr/ko/p/sotenaes-armchair-hakebo-yellow-30570819/ (0)
[26823:775:0403/030453.599461:INFO:CONSOLE(0)] "Third-party cookie will be blocked. Learn more in the Issues tab.", source: https://www.ikea.com/kr/ko/p/sotenaes-armchair-hakebo-yellow-30570819/ (0)
[26823:775:0403/030453.599480:INFO:CONSOLE(0)] "Third-party cookie will be blocked. Learn more in the Issues tab.", source: https://www.ikea.com/kr/ko/p/sotenaes-armchair-hakebo-yellow-30570819/ (0)
[26823:775:0403/030453.599499:INFO:CONSOLE(0)] "Third-party cookie will be blocked. Learn more in the Issues tab.", source: https://www.ikea.com/kr/ko/p/sotenaes-armchair-hakebo-yellow-30570819/ (0)
[26823:775:0403/030453.599519:INFO:CONSOLE(0)] "Third-party cookie will be blocked. Learn more in the Issues tab.", source: https://www.ikea.com/kr/ko/p/sotenaes-armchair-hakebo-yellow-30570819/ (0)
[26823:775:0403/030453.599539:INFO:CONSOLE(0)] "Third-party cookie will be blocked. Learn more in the Issues tab.", source: https://www.ikea.com/kr/ko/p/sotenaes-armchair-hakebo-yellow-30570819/ (0)
[26823:775:0403/030453.608745:INFO:CONSOLE(0)] "Third-party cookie will be blocked. Learn more in the Issues tab.", source: https://www.ikea.com/kr/ko/p/sotenaes-armchair-hakebo-yellow-30570819/ (0)
[26823:775:0403/030453.609050:INFO:CONSOLE(0)] "Third-party cookie will be blocked. Learn more in the Issues tab.", source: https://www.ikea.com/kr/ko/p/sotenaes-armchair-hakebo-yellow-30570819/ (0)
[26823:775:0403/030453.611935:INFO:CONSOLE(0)] "Third-party cookie will be blocked. Learn more in the Issues tab.", source: https://www.ikea.com/kr/ko/p/sotenaes-armchair-hakebo-yellow-30570819/ (0)
[26823:775:0403/030453.612105:INFO:CONSOLE(0)] "Third-party cookie will be blocked. Learn more in the Issues tab.", source: https://www.ikea.com/kr/ko/p/sotenaes-armchair-hakebo-yellow-30570819/ (0)
[26823:775:0403/030453.626632:INFO:CONSOLE(0)] "Third-party cookie will be blocked. Learn more in the Issues tab.", source: https://www.ikea.com/kr/ko/p/sotenaes-armchair-hakebo-yellow-30570819/ (0)
[26823:775:0403/030453.626675:INFO:CONSOLE(0)] "Third-party cookie will be blocked. Learn more in the Issues tab.", source: https://www.ikea.com/kr/ko/p/sotenaes-armchair-hakebo-yellow-30570819/ (0)
[26823:775:0403/030453.642694:INFO:CONSOLE(0)] "Third-party cookie will be blocked. Learn more in the Issues tab.", source: https://www.ikea.com/kr/ko/p/sotenaes-armchair-hakebo-yellow-30570819/ (0)
[26823:775:0403/030453.642735:INFO:CONSOLE(0)] "Third-party cookie will be blocked. Learn more in the Issues tab.", source: https://www.ikea.com/kr/ko/p/sotenaes-armchair-hakebo-yellow-30570819/ (0)
[26823:775:0403/030453.670176:INFO:CONSOLE(0)] "Third-party cookie will be blocked. Learn more in the Issues tab.", source: https://www.ikea.com/kr/ko/p/sotenaes-armchair-hakebo-yellow-30570819/ (0)
[26823:775:0403/030453.670231:INFO:CONSOLE(0)] "Third-party cookie will be blocked. Learn more in the Issues tab.", source: https://www.ikea.com/kr/ko/p/sotenaes-armchair-hakebo-yellow-30570819/ (0)
[26823:775:0403/030453.670259:INFO:CONSOLE(0)] "Third-party cookie will be blocked. Learn more in the Issues tab.", source: https://www.ikea.com/kr/ko/p/sotenaes-armchair-hakebo-yellow-30570819/ (0)
[26823:775:0403/030453.670293:INFO:CONSOLE(0)] "Third-party cookie will be blocked. Learn more in the Issues tab.", source: https://www.ikea.com/kr/ko/p/sotenaes-armchair-hakebo-yellow-30570819/ (0)
[26823:775:0403/030453.670323:INFO:CONSOLE(0)] "Third-party cookie will be blocked. Learn more in the Issues tab.", source: https://www.ikea.com/kr/ko/p/sotenaes-armchair-hakebo-yellow-30570819/ (0)
[26823:775:0403/030453.714581:INFO:CONSOLE(0)] "Third-party cookie will be blocked. Learn more in the Issues tab.", source: https://www.ikea.com/kr/ko/p/sotenaes-armchair-hakebo-yellow-30570819/ (0)
[26823:775:0403/030453.714623:INFO:CONSOLE(0)] "Third-party cookie will be blocked. Learn more in the Issues tab.", source: https://www.ikea.com/kr/ko/p/sotenaes-armchair-hakebo-yellow-30570819/ (0)
[26823:775:0403/030453.714642:INFO:CONSOLE(0)] "Third-party cookie will be blocked. Learn more in the Issues tab.", source: https://www.ikea.com/kr/ko/p/sotenaes-armchair-hakebo-yellow-30570819/ (0)
[26823:775:0403/030453.714660:INFO:CONSOLE(0)] "Third-party cookie will be blocked. Learn more in the Issues tab.", source: https://www.ikea.com/kr/ko/p/sotenaes-armchair-hakebo-yellow-30570819/ (0)
[26823:775:0403/030453.715105:INFO:CONSOLE(0)] "Third-party cookie will be blocked. Learn more in the Issues tab.", source: https://www.ikea.com/kr/ko/p/sotenaes-armchair-hakebo-yellow-30570819/ (0)
[26823:775:0403/030453.724997:INFO:CONSOLE(0)] "Third-party cookie will be blocked. Learn more in the Issues tab.", source: https://www.ikea.com/kr/ko/p/sotenaes-armchair-hakebo-yellow-30570819/ (0)
[26823:775:0403/030453.758463:INFO:CONSOLE(0)] "Third-party cookie will be blocked. Learn more in the Issues tab.", source: https://www.ikea.com/kr/ko/p/sotenaes-armchair-hakebo-yellow-30570819/ (0)
[26823:775:0403/030453.758500:INFO:CONSOLE(0)] "Third-party cookie will be blocked. Learn more in the Issues tab.", source: https://www.ikea.com/kr/ko/p/sotenaes-armchair-hakebo-yellow-30570819/ (0)
[26823:775:0403/030453.758539:INFO:CONSOLE(0)] "Third-party cookie will be blocked. Learn more in the Issues tab.", source: https://www.ikea.com/kr/ko/p/sotenaes-armchair-hakebo-yellow-30570819/ (0)
[26823:775:0403/030453.758558:INFO:CONSOLE(0)] "Third-party cookie will be blocked. Learn more in the Issues tab.", source: https://www.ikea.com/kr/ko/p/sotenaes-armchair-hakebo-yellow-30570819/ (0)
[26823:775:0403/030453.758582:INFO:CONSOLE(0)] "Third-party cookie will be blocked. Learn more in the Issues tab.", source: https://www.ikea.com/kr/ko/p/sotenaes-armchair-hakebo-yellow-30570819/ (0)
[26823:775:0403/030453.758600:INFO:CONSOLE(0)] "Third-party cookie will be blocked. Learn more in the Issues tab.", source: https://www.ikea.com/kr/ko/p/sotenaes-armchair-hakebo-yellow-30570819/ (0)
[26823:775:0403/030453.758618:INFO:CONSOLE(0)] "Third-party cookie will be blocked. Learn more in the Issues tab.", source: https://www.ikea.com/kr/ko/p/sotenaes-armchair-hakebo-yellow-30570819/ (0)
[26823:775:0403/030453.758635:INFO:CONSOLE(0)] "Third-party cookie will be blocked. Learn more in the Issues tab.", source: https://www.ikea.com/kr/ko/p/sotenaes-armchair-hakebo-yellow-30570819/ (0)
[26823:775:0403/030453.758651:INFO:CONSOLE(0)] "Third-party cookie will be blocked. Learn more in the Issues tab.", source: https://www.ikea.com/kr/ko/p/sotenaes-armchair-hakebo-yellow-30570819/ (0)
[26823:775:0403/030453.758673:INFO:CONSOLE(0)] "Third-party cookie will be blocked. Learn more in the Issues tab.", source: https://www.ikea.com/kr/ko/p/sotenaes-armchair-hakebo-yellow-30570819/ (0)
[26823:775:0403/030453.758690:INFO:CONSOLE(0)] "Third-party cookie will be blocked. Learn more in the Issues tab.", source: https://www.ikea.com/kr/ko/p/sotenaes-armchair-hakebo-yellow-30570819/ (0)
[26823:775:0403/030453.758710:INFO:CONSOLE(0)] "Third-party cookie will be blocked. Learn more in the Issues tab.", source: https://www.ikea.com/kr/ko/p/sotenaes-armchair-hakebo-yellow-30570819/ (0)
[26823:775:0403/030453.758727:INFO:CONSOLE(0)] "Third-party cookie will be blocked. Learn more in the Issues tab.", source: https://www.ikea.com/kr/ko/p/sotenaes-armchair-hakebo-yellow-30570819/ (0)
[26823:775:0403/030453.758747:INFO:CONSOLE(0)] "Third-party cookie will be blocked. Learn more in the Issues tab.", source: https://www.ikea.com/kr/ko/p/sotenaes-armchair-hakebo-yellow-30570819/ (0)
[26823:775:0403/030453.758765:INFO:CONSOLE(0)] "Third-party cookie will be blocked. Learn more in the Issues tab.", source: https://www.ikea.com/kr/ko/p/sotenaes-armchair-hakebo-yellow-30570819/ (0)
[26823:775:0403/030453.758784:INFO:CONSOLE(0)] "Third-party cookie will be blocked. Learn more in the Issues tab.", source: https://www.ikea.com/kr/ko/p/sotenaes-armchair-hakebo-yellow-30570819/ (0)
[26823:775:0403/030453.758802:INFO:CONSOLE(0)] "Third-party cookie will be blocked. Learn more in the Issues tab.", source: https://www.ikea.com/kr/ko/p/sotenaes-armchair-hakebo-yellow-30570819/ (0)
[26823:775:0403/030453.758824:INFO:CONSOLE(0)] "Third-party cookie will be blocked. Learn more in the Issues tab.", source: https://www.ikea.com/kr/ko/p/sotenaes-armchair-hakebo-yellow-30570819/ (0)
[26823:775:0403/030453.758841:INFO:CONSOLE(0)] "Third-party cookie will be blocked. Learn more in the Issues tab.", source: https://www.ikea.com/kr/ko/p/sotenaes-armchair-hakebo-yellow-30570819/ (0)
[26823:775:0403/030453.758857:INFO:CONSOLE(0)] "Third-party cookie will be blocked. Learn more in the Issues tab.", source: https://www.ikea.com/kr/ko/p/sotenaes-armchair-hakebo-yellow-30570819/ (0)
[26823:775:0403/030453.758876:INFO:CONSOLE(0)] "Third-party cookie will be blocked. Learn more in the Issues tab.", source: https://www.ikea.com/kr/ko/p/sotenaes-armchair-hakebo-yellow-30570819/ (0)
[26823:775:0403/030453.766353:INFO:CONSOLE(0)] "Third-party cookie will be blocked. Learn more in the Issues tab.", source: https://www.ikea.com/kr/ko/p/sotenaes-armchair-hakebo-yellow-30570819/ (0)
[26823:775:0403/030453.766414:INFO:CONSOLE(0)] "Third-party cookie will be blocked. Learn more in the Issues tab.", source: https://www.ikea.com/kr/ko/p/sotenaes-armchair-hakebo-yellow-30570819/ (0)
[26823:775:0403/030453.833175:INFO:CONSOLE(0)] "Third-party cookie will be blocked. Learn more in the Issues tab.", source: https://www.ikea.com/kr/ko/p/sotenaes-armchair-hakebo-yellow-30570819/ (0)
[26823:775:0403/030453.833224:INFO:CONSOLE(0)] "Third-party cookie will be blocked. Learn more in the Issues tab.", source: https://www.ikea.com/kr/ko/p/sotenaes-armchair-hakebo-yellow-30570819/ (0)
[26823:775:0403/030453.833248:INFO:CONSOLE(0)] "Third-party cookie will be blocked. Learn more in the Issues tab.", source: https://www.ikea.com/kr/ko/p/sotenaes-armchair-hakebo-yellow-30570819/ (0)
[26823:775:0403/030453.833267:INFO:CONSOLE(0)] "Third-party cookie will be blocked. Learn more in the Issues tab.", source: https://www.ikea.com/kr/ko/p/sotenaes-armchair-hakebo-yellow-30570819/ (0)
[26823:775:0403/030453.833288:INFO:CONSOLE(0)] "Third-party cookie will be blocked. Learn more in the Issues tab.", source: https://www.ikea.com/kr/ko/p/sotenaes-armchair-hakebo-yellow-30570819/ (0)
[26823:775:0403/030453.833307:INFO:CONSOLE(0)] "Third-party cookie will be blocked. Learn more in the Issues tab.", source: https://www.ikea.com/kr/ko/p/sotenaes-armchair-hakebo-yellow-30570819/ (0)
[26823:775:0403/030453.862697:INFO:CONSOLE(0)] "Third-party cookie will be blocked. Learn more in the Issues tab.", source: https://www.ikea.com/kr/ko/p/sotenaes-armchair-hakebo-yellow-30570819/ (0)
[26823:775:0403/030453.862746:INFO:CONSOLE(0)] "Third-party cookie will be blocked. Learn more in the Issues tab.", source: https://www.ikea.com/kr/ko/p/sotenaes-armchair-hakebo-yellow-30570819/ (0)
[26823:775:0403/030453.862768:INFO:CONSOLE(0)] "Third-party cookie will be blocked. Learn more in the Issues tab.", source: https://www.ikea.com/kr/ko/p/sotenaes-armchair-hakebo-yellow-30570819/ (0)
[26823:775:0403/030453.862787:INFO:CONSOLE(0)] "Third-party cookie will be blocked. Learn more in the Issues tab.", source: https://www.ikea.com/kr/ko/p/sotenaes-armchair-hakebo-yellow-30570819/ (0)
[26823:775:0403/030453.982469:INFO:CONSOLE(0)] "Third-party cookie will be blocked. Learn more in the Issues tab.", source: https://www.ikea.com/kr/ko/p/sotenaes-armchair-hakebo-yellow-30570819/ (0)
[26823:775:0403/030453.982517:INFO:CONSOLE(0)] "Third-party cookie will be blocked. Learn more in the Issues tab.", source: https://www.ikea.com/kr/ko/p/sotenaes-armchair-hakebo-yellow-30570819/ (0)
[26823:775:0403/030453.982621:INFO:CONSOLE(0)] "Third-party cookie will be blocked. Learn more in the Issues tab.", source: https://www.ikea.com/kr/ko/p/sotenaes-armchair-hakebo-yellow-30570819/ (0)
[26823:775:0403/030453.982647:INFO:CONSOLE(0)] "Third-party cookie will be blocked. Learn more in the Issues tab.", source: https://www.ikea.com/kr/ko/p/sotenaes-armchair-hakebo-yellow-30570819/ (0)
[26823:775:0403/030453.995192:INFO:CONSOLE(0)] "Third-party cookie will be blocked. Learn more in the Issues tab.", source: https://www.ikea.com/kr/ko/p/sotenaes-armchair-hakebo-yellow-30570819/ (0)
[26823:775:0403/030453.996262:INFO:CONSOLE(0)] "Third-party cookie will be blocked. Learn more in the Issues tab.", source: https://www.ikea.com/kr/ko/p/sotenaes-armchair-hakebo-yellow-30570819/ (0)
[26823:775:0403/030454.107284:INFO:CONSOLE(0)] "Third-party cookie will be blocked. Learn more in the Issues tab.", source: https://www.ikea.com/kr/ko/p/sotenaes-armchair-hakebo-yellow-30570819/ (0)
[26823:775:0403/030454.108034:INFO:CONSOLE(0)] "Third-party cookie will be blocked. Learn more in the Issues tab.", source: https://www.ikea.com/kr/ko/p/sotenaes-armchair-hakebo-yellow-30570819/ (0)
[26823:775:0403/030454.108555:INFO:CONSOLE(0)] "Third-party cookie will be blocked. Learn more in the Issues tab.", source: https://www.ikea.com/kr/ko/p/sotenaes-armchair-hakebo-yellow-30570819/ (0)
[26823:775:0403/030454.110239:INFO:CONSOLE(0)] "Third-party cookie will be blocked. Learn more in the Issues tab.", source: https://www.ikea.com/kr/ko/p/sotenaes-armchair-hakebo-yellow-30570819/ (0)
[26823:775:0403/030454.194039:INFO:CONSOLE(0)] "Third-party cookie will be blocked. Learn more in the Issues tab.", source: https://www.ikea.com/kr/ko/p/sotenaes-armchair-hakebo-yellow-30570819/ (0)
[26823:775:0403/030454.528781:INFO:CONSOLE(0)] "Third-party cookie will be blocked. Learn more in the Issues tab.", source: https://www.ikea.com/kr/ko/p/sotenaes-armchair-hakebo-yellow-30570819/ (0)
[26823:775:0403/030454.609783:INFO:CONSOLE(0)] "Third-party cookie will be blocked. Learn more in the Issues tab.", source: https://www.ikea.com/kr/ko/p/sotenaes-armchair-hakebo-yellow-30570819/ (0)
[26832:20739:0403/030456.709533:WARNING:sqlite_persistent_store_backend_base.cc(197)] Failed to post task from FlushAndNotifyInBackground@net/extras/sqlite/sqlite_persistent_store_backend_base.cc:246 to client_task_runner_.
[26832:20739:0403/030456.709601:WARNING:sqlite_persistent_store_backend_base.cc(197)] Failed to post task from FlushAndNotifyInBackground@net/extras/sqlite/sqlite_persistent_store_backend_base.cc:246 to client_task_runner_.
[26823:775:0403/030456.782041:WARNING:pref_notifier_impl.cc(41)] Pref observer for media_router.cast_allow_all_ips found at shutdown.
